<?xml version="1.0" encoding="UTF-8"?>
<testng-results skipped="0" failed="1" total="4" passed="3">
  <reporter-output>
  </reporter-output>
  <suite name="Suite" duration-ms="34624" started-at="2019-05-06T18:37:14Z" finished-at="2019-05-06T18:37:48Z">
    <groups>
    </groups>
    <test name="Validate Login" duration-ms="18016" started-at="2019-05-06T18:37:14Z" finished-at="2019-05-06T18:37:32Z">
      <class name="Academy.Homepage">
        <test-method status="PASS" signature="initialize()[pri:0, instance:Academy.Homepage@2aa5fe93]" name="initialize" is-config="true" duration-ms="1586" started-at="2019-05-06T14:37:14Z" finished-at="2019-05-06T14:37:15Z">
          <reporter-output>
          </reporter-output>
        </test-method> <!-- initialize -->
        <test-method status="PASS" signature="basePageNevigation(java.lang.String, java.lang.String)[pri:0, instance:Academy.Homepage@2aa5fe93]" name="basePageNevigation" duration-ms="10696" started-at="2019-05-06T14:37:15Z" data-provider="getData" finished-at="2019-05-06T14:37:26Z">
          <params>
            <param index="0">
              <value>
                <![CDATA[faysalsf@gmail.com]]>
              </value>
            </param>
            <param index="1">
              <value>
                <![CDATA[123456]]>
              </value>
            </param>
          </params>
          <reporter-output>
          </reporter-output>
        </test-method> <!-- basePageNevigation -->
        <test-method status="PASS" signature="basePageNevigation(java.lang.String, java.lang.String)[pri:0, instance:Academy.Homepage@2aa5fe93]" name="basePageNevigation" duration-ms="5578" started-at="2019-05-06T14:37:26Z" data-provider="getData" finished-at="2019-05-06T14:37:32Z">
          <params>
            <param index="0">
              <value>
                <![CDATA[nonfaysalsf@gmail.com]]>
              </value>
            </param>
            <param index="1">
              <value>
                <![CDATA[123456789AAAA]]>
              </value>
            </param>
          </params>
          <reporter-output>
          </reporter-output>
        </test-method> <!-- basePageNevigation -->
        <test-method status="PASS" signature="teardown()[pri:0, instance:Academy.Homepage@2aa5fe93]" name="teardown" is-config="true" duration-ms="144" started-at="2019-05-06T14:37:32Z" finished-at="2019-05-06T14:37:32Z">
          <reporter-output>
          </reporter-output>
        </test-method> <!-- teardown -->
      </class> <!-- Academy.Homepage -->
    </test> <!-- Validate Login -->
    <test name="Validating Title" duration-ms="9219" started-at="2019-05-06T18:37:32Z" finished-at="2019-05-06T18:37:41Z">
      <class name="Academy.validateTitle">
        <test-method status="PASS" signature="initialize()[pri:0, instance:Academy.validateTitle@7ff95560]" name="initialize" is-config="true" duration-ms="7916" started-at="2019-05-06T14:37:32Z" finished-at="2019-05-06T14:37:40Z">
          <reporter-output>
          </reporter-output>
        </test-method> <!-- initialize -->
        <test-method status="FAIL" signature="validatePageTitle()[pri:0, instance:Academy.validateTitle@7ff95560]" name="validatePageTitle" duration-ms="35" started-at="2019-05-06T14:37:40Z" finished-at="2019-05-06T14:37:40Z">
          <exception class="java.lang.AssertionError">
            <message>
              <![CDATA[expected:<FEATURED COURSES> but was:<FEATURED COURSES1>]]>
            </message>
            <full-stacktrace>
              <![CDATA[java.lang.AssertionError: expected:<FEATURED COURSES> but was:<FEATURED COURSES1>
	at org.testng.AssertJUnit.assertEquals(AssertJUnit.java:101)
	at org.testng.AssertJUnit.assertEquals(AssertJUnit.java:108)
	at Academy.validateTitle.validatePageTitle(validateTitle.java:37)
	at sun.reflect.NativeMethodAccessorImpl.invoke0(Native Method)
	at sun.reflect.NativeMethodAccessorImpl.invoke(NativeMethodAccessorImpl.java:62)
	at sun.reflect.DelegatingMethodAccessorImpl.invoke(DelegatingMethodAccessorImpl.java:43)
	at java.lang.reflect.Method.invoke(Method.java:498)
	at org.testng.internal.MethodInvocationHelper.invokeMethod(MethodInvocationHelper.java:80)
	at org.testng.internal.Invoker.invokeMethod(Invoker.java:714)
	at org.testng.internal.Invoker.invokeTestMethod(Invoker.java:901)
	at org.testng.internal.Invoker.invokeTestMethods(Invoker.java:1231)
	at org.testng.internal.TestMethodWorker.invokeTestMethods(TestMethodWorker.java:127)
	at org.testng.internal.TestMethodWorker.run(TestMethodWorker.java:111)
	at org.testng.TestRunner.privateRun(TestRunner.java:767)
	at org.testng.TestRunner.run(TestRunner.java:617)
	at org.testng.SuiteRunner.runTest(SuiteRunner.java:334)
	at org.testng.SuiteRunner.runSequentially(SuiteRunner.java:329)
	at org.testng.SuiteRunner.privateRun(SuiteRunner.java:291)
	at org.testng.SuiteRunner.run(SuiteRunner.java:240)
	at org.testng.SuiteRunnerWorker.runSuite(SuiteRunnerWorker.java:52)
	at org.testng.SuiteRunnerWorker.run(SuiteRunnerWorker.java:86)
	at org.testng.TestNG.runSuitesSequentially(TestNG.java:1198)
	at org.testng.TestNG.runSuitesLocally(TestNG.java:1123)
	at org.testng.TestNG.run(TestNG.java:1031)
	at org.apache.maven.surefire.testng.TestNGExecutor.run(TestNGExecutor.java:283)
	at org.apache.maven.surefire.testng.TestNGXmlTestSuite.execute(TestNGXmlTestSuite.java:75)
	at org.apache.maven.surefire.testng.TestNGProvider.invoke(TestNGProvider.java:120)
	at org.apache.maven.surefire.booter.ForkedBooter.invokeProviderInSameClassLoader(ForkedBooter.java:384)
	at org.apache.maven.surefire.booter.ForkedBooter.runSuitesInProcess(ForkedBooter.java:345)
	at org.apache.maven.surefire.booter.ForkedBooter.execute(ForkedBooter.java:126)
	at org.apache.maven.surefire.booter.ForkedBooter.main(ForkedBooter.java:418)
]]>
            </full-stacktrace>
          </exception> <!-- java.lang.AssertionError -->
          <reporter-output>
          </reporter-output>
        </test-method> <!-- validatePageTitle -->
        <test-method status="PASS" signature="teardown()[pri:0, instance:Academy.validateTitle@7ff95560]" name="teardown" is-config="true" duration-ms="154" started-at="2019-05-06T14:37:41Z" finished-at="2019-05-06T14:37:41Z">
          <reporter-output>
          </reporter-output>
        </test-method> <!-- teardown -->
      </class> <!-- Academy.validateTitle -->
    </test> <!-- Validating Title -->
    <test name="Validating NavTest" duration-ms="7327" started-at="2019-05-06T18:37:41Z" finished-at="2019-05-06T18:37:48Z">
      <class name="Academy.validateNavigationBar">
        <test-method status="PASS" signature="initialize()[pri:0, instance:Academy.validateNavigationBar@78dd667e]" name="initialize" is-config="true" duration-ms="7141" started-at="2019-05-06T14:37:41Z" finished-at="2019-05-06T14:37:48Z">
          <reporter-output>
          </reporter-output>
        </test-method> <!-- initialize -->
        <test-method status="PASS" signature="validatePageNavigation()[pri:0, instance:Academy.validateNavigationBar@78dd667e]" name="validatePageNavigation" duration-ms="31" started-at="2019-05-06T14:37:48Z" finished-at="2019-05-06T14:37:48Z">
          <reporter-output>
          </reporter-output>
        </test-method> <!-- validatePageNavigation -->
        <test-method status="PASS" signature="teardown()[pri:0, instance:Academy.validateNavigationBar@78dd667e]" name="teardown" is-config="true" duration-ms="155" started-at="2019-05-06T14:37:48Z" finished-at="2019-05-06T14:37:48Z">
          <reporter-output>
          </reporter-output>
        </test-method> <!-- teardown -->
      </class> <!-- Academy.validateNavigationBar -->
    </test> <!-- Validating NavTest -->
  </suite> <!-- Suite -->
</testng-results>
